2025-06-11 20:17:25,567 [WARNING] ⚠ Документ проведён, снимаем проведение...
2025-06-11 20:17:25,944 [ERROR] ❌ UndoPosting error: <unknown>.UndoPosting
2025-06-11 20:17:26,452 [INFO] 🗑 Документ удалён полностью
2025-06-11 20:18:16,940 [INFO] Создание заказа. Поля:
2025-06-11 20:18:16,941 [INFO]   -> Организация = РОСТЗОЛОТО 2
2025-06-11 20:18:16,955 [INFO] [ref] Организация: РОСТЗОЛОТО 2 => <COMObject <unknown>>
2025-06-11 20:18:16,955 [INFO]     Установлено: Организация (Ref: <COMObject <unknown>>)
2025-06-11 20:18:16,955 [INFO]   -> Контрагент = ООО "Ростзолото-2"
2025-06-11 20:18:17,050 [INFO] [ref] Контрагент: ООО "Ростзолото-2" => <COMObject <unknown>>
2025-06-11 20:18:17,051 [INFO]     Установлено: Контрагент (Ref: <COMObject <unknown>>)
2025-06-11 20:18:17,051 [INFO]   -> ДоговорКонтрагента = Основной договор
2025-06-11 20:18:17,174 [INFO] [ref] ДоговорКонтрагента: Основной договор => <COMObject <unknown>>
2025-06-11 20:18:17,174 [INFO]     Установлено: ДоговорКонтрагента (Ref: <COMObject <unknown>>)
2025-06-11 20:18:17,174 [INFO]   -> Склад = Алексей
2025-06-11 20:18:17,174 [WARNING]     ⚠ Поле 'Склад' не устанавливается вручную. Пропускаем.
2025-06-11 20:18:17,174 [INFO]   -> Ответственный = Администратор
2025-06-11 20:18:17,226 [INFO] [ref] Ответственный: Администратор => <COMObject <unknown>>
2025-06-11 20:18:17,226 [INFO]     Установлено: Ответственный (Ref: <COMObject <unknown>>)
2025-06-11 20:18:17,226 [INFO]   -> Комментарий = ап
2025-06-11 20:18:17,227 [INFO]   -> Дата = 2025-04-18 00:00:00
2025-06-11 20:18:17,227 [INFO]   -> ВидСтатусПродукции = СобствМеталлСобствКамни
2025-06-11 20:18:17,228 [INFO] [ref] ВидСтатусПродукции: Собств металл, собств камни => <COMObject <unknown>>
2025-06-11 20:18:17,228 [INFO]     Установлено: ВидСтатусПродукции (Ref: <COMObject <unknown>>)
2025-06-11 20:18:17,228 [INFO] Добавление строк заказа:
2025-06-11 20:18:17,229 [INFO]   -> строка: {'Номенклатура': '3002 Кольцо', 'АртикулГП': '3002 Кольцо', 'ВариантИзготовления': '3002-01 Кольцо 585 Желтый', 'Размер': 17.5, 'Количество': 1, 'Вес': 1.0, 'Примечание': '', 'ЕдиницаИзмерения': 'шт'}
2025-06-11 20:18:25,791 [INFO]     -> Примечание: 
2025-06-11 20:18:25,791 [INFO]   -> строка: {'Номенклатура': '3002 Кольцо', 'АртикулГП': '3002 Кольцо', 'ВариантИзготовления': '3002-03 Кольцо 585 Белый', 'Размер': 17.0, 'Количество': 1, 'Вес': 1.0, 'Примечание': '', 'ЕдиницаИзмерения': 'шт'}
2025-06-11 20:18:25,791 [INFO]     -> Примечание: 
2025-06-11 20:18:25,791 [INFO]   -> строка: {'Номенклатура': '3002 Кольцо', 'АртикулГП': '3002 Кольцо', 'ВариантИзготовления': '3002-02 Кольцо 585 Красный', 'Размер': 16.5, 'Количество': 1, 'Вес': 1.0, 'Примечание': '', 'ЕдиницаИзмерения': 'шт'}
2025-06-11 20:18:25,791 [INFO]     -> Примечание: 
2025-06-11 20:18:25,791 [INFO] Проводим документ...
2025-06-11 20:18:25,843 [INFO] ✅ Документ проведён. Номер: 00ЮП-000105
2025-06-11 20:20:29,224 [WARNING] ⚠ Документ проведён, снимаем проведение...
2025-06-11 20:20:29,603 [ERROR] ❌ UndoPosting error: <unknown>.UndoPosting
2025-06-11 20:20:29,638 [INFO] 🗑 Документ удалён полностью
